<?xml version="1.0" encoding="UTF-8" standalone="yes"?>
<ns2:test-suite start="1655076146669" stop="1655076146911" version="1.5.4" xmlns:ns2="urn:model.allure.qatools.yandex.ru">
    <name>Default Suite : PageObjectPatternTemplate</name>
    <title>Default Suite : PageObjectPatternTemplate</title>
    <test-cases>
        <test-case start="1655076146807" stop="1655076146898" status="broken">
            <name>testcountRevision</name>
            <description></description>
            <failure>
                <message>IllegalStateException: Not a JSON Object: [{"register":{"First Name":"John","Last Name":"Miguel","Email":"John@gmail.com","password":"Test123456"},"First Name":"Alberto","Last Name":"Miguel","Email":"John@gmail.com","password":"Test123456"}]</message>
                <stack-trace>java.lang.IllegalStateException: Not a JSON Object: [{"register":{"First Name":"John","Last Name":"Miguel","Email":"John@gmail.com","password":"Test123456"},"First Name":"Alberto","Last Name":"Miguel","Email":"John@gmail.com","password":"Test123456"}]
	at com.google.gson.JsonElement.getAsJsonObject(JsonElement.java:91)
	at com.qa.java.util.ReadJsonFile.testcountRevision(ReadJsonFile.java:23)
	at sun.reflect.NativeMethodAccessorImpl.invoke0(Native Method)
	at sun.reflect.NativeMethodAccessorImpl.invoke(NativeMethodAccessorImpl.java:62)
	at sun.reflect.DelegatingMethodAccessorImpl.invoke(DelegatingMethodAccessorImpl.java:43)
	at java.lang.reflect.Method.invoke(Method.java:498)
	at org.testng.internal.invokers.MethodInvocationHelper.invokeMethod(MethodInvocationHelper.java:135)
	at org.testng.internal.invokers.TestInvoker.invokeMethod(TestInvoker.java:673)
	at org.testng.internal.invokers.TestInvoker.invokeTestMethod(TestInvoker.java:220)
	at org.testng.internal.invokers.MethodRunner.runInSequence(MethodRunner.java:50)
	at org.testng.internal.invokers.TestInvoker$MethodInvocationAgent.invoke(TestInvoker.java:945)
	at org.testng.internal.invokers.TestInvoker.invokeTestMethods(TestInvoker.java:193)
	at org.testng.internal.invokers.TestMethodWorker.invokeTestMethods(TestMethodWorker.java:146)
	at org.testng.internal.invokers.TestMethodWorker.run(TestMethodWorker.java:128)
	at java.util.ArrayList.forEach(ArrayList.java:1259)
	at org.testng.TestRunner.privateRun(TestRunner.java:808)
	at org.testng.TestRunner.run(TestRunner.java:603)
	at org.testng.SuiteRunner.runTest(SuiteRunner.java:429)
	at org.testng.SuiteRunner.runSequentially(SuiteRunner.java:423)
	at org.testng.SuiteRunner.privateRun(SuiteRunner.java:383)
	at org.testng.SuiteRunner.run(SuiteRunner.java:326)
	at org.testng.SuiteRunnerWorker.runSuite(SuiteRunnerWorker.java:52)
	at org.testng.SuiteRunnerWorker.run(SuiteRunnerWorker.java:95)
	at org.testng.TestNG.runSuitesSequentially(TestNG.java:1249)
	at org.testng.TestNG.runSuitesLocally(TestNG.java:1169)
	at org.testng.TestNG.runSuites(TestNG.java:1092)
	at org.testng.TestNG.run(TestNG.java:1060)
	at com.intellij.rt.testng.IDEARemoteTestNG.run(IDEARemoteTestNG.java:66)
	at com.intellij.rt.testng.RemoteTestNGStarter.main(RemoteTestNGStarter.java:109)
</stack-trace>
            </failure>
            <steps/>
            <attachments/>
            <labels>
                <label name="testSuite" value="Default Suite"/>
                <label name="testGroup" value="PageObjectPatternTemplate"/>
                <label name="testClass" value="com.qa.java.util.ReadJsonFile"/>
                <label name="testMethod" value="testcountRevision"/>
                <label name="host" value="DESKTOP-0D017F8"/>
                <label name="thread" value="3896@DESKTOP-0D017F8.main(1)"/>
            </labels>
        </test-case>
    </test-cases>
    <labels>
        <label name="framework" value="TestNG"/>
        <label name="language" value="JAVA"/>
    </labels>
</ns2:test-suite>
